[DEBUG] Original model:
<?xml version="1.0" encoding="UTF-8"?>
<project xsi:schemaLocation="http://maven.apache.org/POM/4.0.0 https://maven.apache.org/xsd/maven-4.0.0.xsd" xmlns="http://maven.apache.org/POM/4.0.0"
    xmlns:xsi="http://www.w3.org/2001/XMLSchema-instance">
  <modelVersion>4.0.0</modelVersion>
  <groupId>blah</groupId>
  <artifactId>blah</artifactId>
  <version>1.0</version>
  <build>
    <pluginManagement>
      <plugins>
        <plugin>
          <artifactId>maven-resources-plugin</artifactId>
          <version>3.1.0</version>
        </plugin>
      </plugins>
    </pluginManagement>
  </build>
  <profiles>
    <profile>
      <id>something</id>
      <activation>
        <activeByDefault>true</activeByDefault>
      </activation>
      <build>
        <plugins>
          <plugin>
            <artifactId>maven-resources-plugin</artifactId>
            <version>3.1.0</version>
            <executions>
              <execution>
                <id>default-testResources</id>
                <phase>process-test-resources</phase>
                <goals>
                  <goal>testResources</goal>
                </goals>
              </execution>
              <execution>
                <id>default-resources</id>
                <phase>process-resources</phase>
                <goals>
                  <goal>resources</goal>
                </goals>
              </execution>
            </executions>
          </plugin>
        </plugins>
      </build>
    </profile>
  </profiles>
</project>

[DEBUG] super-pom version map
    org.apache.maven.plugins:maven-clean-plugin:2.5
    org.apache.maven.plugins:maven-resources-plugin:2.6
    org.apache.maven.plugins:maven-jar-plugin:2.4
    org.apache.maven.plugins:maven-compiler-plugin:3.1
    org.apache.maven.plugins:maven-surefire-plugin:2.12.4
    org.apache.maven.plugins:maven-install-plugin:2.4
    org.apache.maven.plugins:maven-deploy-plugin:2.7
    org.apache.maven.plugins:maven-site-plugin:3.3
    org.apache.maven.plugins:maven-antrun-plugin:1.3
    org.apache.maven.plugins:maven-assembly-plugin:2.2-beta-5
    org.apache.maven.plugins:maven-dependency-plugin:2.8
    org.apache.maven.plugins:maven-release-plugin:2.5.3
    org.apache.maven.plugins:maven-source-plugin:null
    org.apache.maven.plugins:maven-javadoc-plugin:null
[DEBUG] parent version map
[DEBUG] aggregate version map
    org.apache.maven.plugins:maven-release-plugin:2.5.3
    org.apache.maven.plugins:maven-site-plugin:3.3
    org.apache.maven.plugins:maven-source-plugin:null
    org.apache.maven.plugins:maven-javadoc-plugin:null
    org.apache.maven.plugins:maven-resources-plugin:2.6
    org.apache.maven.plugins:maven-assembly-plugin:2.2-beta-5
    org.apache.maven.plugins:maven-antrun-plugin:1.3
    org.apache.maven.plugins:maven-compiler-plugin:3.1
    org.apache.maven.plugins:maven-surefire-plugin:2.12.4
    org.apache.maven.plugins:maven-jar-plugin:2.4
    org.apache.maven.plugins:maven-clean-plugin:2.5
    org.apache.maven.plugins:maven-install-plugin:2.4
    org.apache.maven.plugins:maven-dependency-plugin:2.8
    org.apache.maven.plugins:maven-deploy-plugin:2.7
[DEBUG] final aggregate version map
    org.apache.maven.plugins:maven-release-plugin:2.5.3
    org.apache.maven.plugins:maven-site-plugin:3.3
    org.apache.maven.plugins:maven-source-plugin:null
    org.apache.maven.plugins:maven-javadoc-plugin:null
    org.apache.maven.plugins:maven-assembly-plugin:2.2-beta-5
    org.apache.maven.plugins:maven-antrun-plugin:1.3
    org.apache.maven.plugins:maven-compiler-plugin:3.1
    org.apache.maven.plugins:maven-surefire-plugin:2.12.4
    org.apache.maven.plugins:maven-jar-plugin:2.4
    org.apache.maven.plugins:maven-clean-plugin:2.5
    org.apache.maven.plugins:maven-install-plugin:2.4
    org.apache.maven.plugins:maven-dependency-plugin:2.8
    org.apache.maven.plugins:maven-deploy-plugin:2.7
[DEBUG] Processing Model:blah:blah:jar:1.0
[DEBUG] Processing Build:org.apache.maven.model.Build@42383cb0 (parent: Model:blah:blah:jar:1.0)
[DEBUG] Processing Profile:Profile {id: something, source: pom} (parent: Build:org.apache.maven.model.Build@42383cb0)
[DEBUG] Processing File:/home/ajarmoniuk/dev/versions-maven-plugin/target/it/it-display-plugin-updates-013-issue-354/pom.xml (parent: Profile:Profile {id: something, source: pom})
[DEBUG] Processing InputLocation:4 : 17, blah:blah:1.0 /home/ajarmoniuk/dev/versions-maven-plugin/target/it/it-display-plugin-updates-013-issue-354/pom.xml (parent: Profile:Profile {id: something, source: pom})
[DEBUG] Processing InputLocation:5 : 12, blah:blah:1.0 /home/ajarmoniuk/dev/versions-maven-plugin/target/it/it-display-plugin-updates-013-issue-354/pom.xml (parent: InputLocation:4 : 17, blah:blah:1.0 /home/ajarmoniuk/dev/versions-maven-plugin/target/it/it-display-plugin-updates-013-issue-354/pom.xml)
[DEBUG] Processing InputLocation:6 : 15, blah:blah:1.0 /home/ajarmoniuk/dev/versions-maven-plugin/target/it/it-display-plugin-updates-013-issue-354/pom.xml (parent: InputLocation:5 : 12, blah:blah:1.0 /home/ajarmoniuk/dev/versions-maven-plugin/target/it/it-display-plugin-updates-013-issue-354/pom.xml)
[DEBUG] Processing InputLocation:7 : 12, blah:blah:1.0 /home/ajarmoniuk/dev/versions-maven-plugin/target/it/it-display-plugin-updates-013-issue-354/pom.xml (parent: InputLocation:6 : 15, blah:blah:1.0 /home/ajarmoniuk/dev/versions-maven-plugin/target/it/it-display-plugin-updates-013-issue-354/pom.xml)
[DEBUG] Processing InputLocation:3 : 109, blah:blah:1.0 /home/ajarmoniuk/dev/versions-maven-plugin/target/it/it-display-plugin-updates-013-issue-354/pom.xml (parent: InputLocation:7 : 12, blah:blah:1.0 /home/ajarmoniuk/dev/versions-maven-plugin/target/it/it-display-plugin-updates-013-issue-354/pom.xml)
[DEBUG] Processing PluginManagement:org.apache.maven.model.PluginManagement@609e57da (parent: InputLocation:3 : 109, blah:blah:1.0 /home/ajarmoniuk/dev/versions-maven-plugin/target/it/it-display-plugin-updates-013-issue-354/pom.xml)
[DEBUG] Processing InputLocation:8 : 10, blah:blah:1.0 /home/ajarmoniuk/dev/versions-maven-plugin/target/it/it-display-plugin-updates-013-issue-354/pom.xml (parent: PluginManagement:org.apache.maven.model.PluginManagement@609e57da)
[DEBUG] Processing Activation:org.apache.maven.model.Activation@4d634127 (parent: InputLocation:8 : 10, blah:blah:1.0 /home/ajarmoniuk/dev/versions-maven-plugin/target/it/it-display-plugin-updates-013-issue-354/pom.xml)
[DEBUG] Processing BuildBase:org.apache.maven.model.BuildBase@1f1cddf3 (parent: Activation:org.apache.maven.model.Activation@4d634127)
[DEBUG] Processing InputLocation:30 : 11, blah:blah:1.0 /home/ajarmoniuk/dev/versions-maven-plugin/target/it/it-display-plugin-updates-013-issue-354/pom.xml (parent: BuildBase:org.apache.maven.model.BuildBase@1f1cddf3)
[DEBUG] Processing InputLocation:29 : 14, blah:blah:1.0 /home/ajarmoniuk/dev/versions-maven-plugin/target/it/it-display-plugin-updates-013-issue-354/pom.xml (parent: InputLocation:30 : 11, blah:blah:1.0 /home/ajarmoniuk/dev/versions-maven-plugin/target/it/it-display-plugin-updates-013-issue-354/pom.xml)
[DEBUG] Processing InputSource:blah:blah:1.0 /home/ajarmoniuk/dev/versions-maven-plugin/target/it/it-display-plugin-updates-013-issue-354/pom.xml (parent: InputLocation:29 : 14, blah:blah:1.0 /home/ajarmoniuk/dev/versions-maven-plugin/target/it/it-display-plugin-updates-013-issue-354/pom.xml)
[DEBUG] Processing InputSource:blah:blah:1.0 /home/ajarmoniuk/dev/versions-maven-plugin/target/it/it-display-plugin-updates-013-issue-354/pom.xml (parent: InputLocation:29 : 14, blah:blah:1.0 /home/ajarmoniuk/dev/versions-maven-plugin/target/it/it-display-plugin-updates-013-issue-354/pom.xml)
[WARNING] Already processed!
[DEBUG] Processing InputSource:blah:blah:1.0 /home/ajarmoniuk/dev/versions-maven-plugin/target/it/it-display-plugin-updates-013-issue-354/pom.xml (parent: InputLocation:29 : 14, blah:blah:1.0 /home/ajarmoniuk/dev/versions-maven-plugin/target/it/it-display-plugin-updates-013-issue-354/pom.xml)
[WARNING] Already processed!
[DEBUG] Processing InputSource:blah:blah:1.0 /home/ajarmoniuk/dev/versions-maven-plugin/target/it/it-display-plugin-updates-013-issue-354/pom.xml (parent: InputLocation:29 : 14, blah:blah:1.0 /home/ajarmoniuk/dev/versions-maven-plugin/target/it/it-display-plugin-updates-013-issue-354/pom.xml)
[WARNING] Already processed!
[DEBUG] Processing InputSource:blah:blah:1.0 /home/ajarmoniuk/dev/versions-maven-plugin/target/it/it-display-plugin-updates-013-issue-354/pom.xml (parent: InputLocation:29 : 14, blah:blah:1.0 /home/ajarmoniuk/dev/versions-maven-plugin/target/it/it-display-plugin-updates-013-issue-354/pom.xml)
[WARNING] Already processed!
[DEBUG] Processing Plugin:Plugin [org.apache.maven.plugins:maven-resources-plugin] (parent: InputLocation:29 : 14, blah:blah:1.0 /home/ajarmoniuk/dev/versions-maven-plugin/target/it/it-display-plugin-updates-013-issue-354/pom.xml)
[DEBUG] Processing InputLocation:9 : 23, blah:blah:1.0 /home/ajarmoniuk/dev/versions-maven-plugin/target/it/it-display-plugin-updates-013-issue-354/pom.xml (parent: Plugin:Plugin [org.apache.maven.plugins:maven-resources-plugin])
[DEBUG] Processing InputSource:blah:blah:1.0 /home/ajarmoniuk/dev/versions-maven-plugin/target/it/it-display-plugin-updates-013-issue-354/pom.xml (parent: InputLocation:9 : 23, blah:blah:1.0 /home/ajarmoniuk/dev/versions-maven-plugin/target/it/it-display-plugin-updates-013-issue-354/pom.xml)
[WARNING] Already processed!
[DEBUG] Processing InputLocation:31 : 19, blah:blah:1.0 /home/ajarmoniuk/dev/versions-maven-plugin/target/it/it-display-plugin-updates-013-issue-354/pom.xml (parent: InputLocation:9 : 23, blah:blah:1.0 /home/ajarmoniuk/dev/versions-maven-plugin/target/it/it-display-plugin-updates-013-issue-354/pom.xml)
[DEBUG] Processing InputLocation:32 : 26, blah:blah:1.0 /home/ajarmoniuk/dev/versions-maven-plugin/target/it/it-display-plugin-updates-013-issue-354/pom.xml (parent: InputLocation:31 : 19, blah:blah:1.0 /home/ajarmoniuk/dev/versions-maven-plugin/target/it/it-display-plugin-updates-013-issue-354/pom.xml)
[DEBUG] Processing Plugin:Plugin [org.apache.maven.plugins:maven-resources-plugin] (parent: InputLocation:32 : 26, blah:blah:1.0 /home/ajarmoniuk/dev/versions-maven-plugin/target/it/it-display-plugin-updates-013-issue-354/pom.xml)
[WARNING] Already processed!
[DEBUG] Processing InputLocation:34 : 14, blah:blah:1.0 /home/ajarmoniuk/dev/versions-maven-plugin/target/it/it-display-plugin-updates-013-issue-354/pom.xml (parent: Plugin:Plugin [org.apache.maven.plugins:maven-resources-plugin])
[DEBUG] Processing InputSource:blah:blah:1.0 /home/ajarmoniuk/dev/versions-maven-plugin/target/it/it-display-plugin-updates-013-issue-354/pom.xml (parent: InputLocation:34 : 14, blah:blah:1.0 /home/ajarmoniuk/dev/versions-maven-plugin/target/it/it-display-plugin-updates-013-issue-354/pom.xml)
[WARNING] Already processed!
[DEBUG] Processing InputSource:blah:blah:1.0 /home/ajarmoniuk/dev/versions-maven-plugin/target/it/it-display-plugin-updates-013-issue-354/pom.xml (parent: InputLocation:34 : 14, blah:blah:1.0 /home/ajarmoniuk/dev/versions-maven-plugin/target/it/it-display-plugin-updates-013-issue-354/pom.xml)
[WARNING] Already processed!
[DEBUG] Processing InputLocation:12 : 20, blah:blah:1.0 /home/ajarmoniuk/dev/versions-maven-plugin/target/it/it-display-plugin-updates-013-issue-354/pom.xml (parent: InputLocation:34 : 14, blah:blah:1.0 /home/ajarmoniuk/dev/versions-maven-plugin/target/it/it-display-plugin-updates-013-issue-354/pom.xml)
[DEBUG] Processing InputLocation:13 : 23, blah:blah:1.0 /home/ajarmoniuk/dev/versions-maven-plugin/target/it/it-display-plugin-updates-013-issue-354/pom.xml (parent: InputLocation:12 : 20, blah:blah:1.0 /home/ajarmoniuk/dev/versions-maven-plugin/target/it/it-display-plugin-updates-013-issue-354/pom.xml)
[DEBUG] Processing InputLocation:14 : 20, blah:blah:1.0 /home/ajarmoniuk/dev/versions-maven-plugin/target/it/it-display-plugin-updates-013-issue-354/pom.xml (parent: InputLocation:13 : 23, blah:blah:1.0 /home/ajarmoniuk/dev/versions-maven-plugin/target/it/it-display-plugin-updates-013-issue-354/pom.xml)
[DEBUG] Processing InputLocation:11 : 17, blah:blah:1.0 /home/ajarmoniuk/dev/versions-maven-plugin/target/it/it-display-plugin-updates-013-issue-354/pom.xml (parent: InputLocation:14 : 20, blah:blah:1.0 /home/ajarmoniuk/dev/versions-maven-plugin/target/it/it-display-plugin-updates-013-issue-354/pom.xml)
[DEBUG] Processing InputSource:blah:blah:1.0 /home/ajarmoniuk/dev/versions-maven-plugin/target/it/it-display-plugin-updates-013-issue-354/pom.xml (parent: InputLocation:11 : 17, blah:blah:1.0 /home/ajarmoniuk/dev/versions-maven-plugin/target/it/it-display-plugin-updates-013-issue-354/pom.xml)
[WARNING] Already processed!
[DEBUG] Processing InputSource:blah:blah:1.0 /home/ajarmoniuk/dev/versions-maven-plugin/target/it/it-display-plugin-updates-013-issue-354/pom.xml (parent: InputLocation:11 : 17, blah:blah:1.0 /home/ajarmoniuk/dev/versions-maven-plugin/target/it/it-display-plugin-updates-013-issue-354/pom.xml)
[WARNING] Already processed!
[DEBUG] Processing InputSource:blah:blah:1.0 /home/ajarmoniuk/dev/versions-maven-plugin/target/it/it-display-plugin-updates-013-issue-354/pom.xml (parent: InputLocation:11 : 17, blah:blah:1.0 /home/ajarmoniuk/dev/versions-maven-plugin/target/it/it-display-plugin-updates-013-issue-354/pom.xml)
[WARNING] Already processed!
[DEBUG] Processing PluginExecution:default-testResources (parent: InputLocation:11 : 17, blah:blah:1.0 /home/ajarmoniuk/dev/versions-maven-plugin/target/it/it-display-plugin-updates-013-issue-354/pom.xml)
[DEBUG] Processing PluginExecution:default-resources (parent: PluginExecution:default-testResources)
[DEBUG] Processing InputLocation:37 : 22, blah:blah:1.0 /home/ajarmoniuk/dev/versions-maven-plugin/target/it/it-display-plugin-updates-013-issue-354/pom.xml (parent: PluginExecution:default-resources)
[DEBUG] Processing InputLocation:38 : 25, blah:blah:1.0 /home/ajarmoniuk/dev/versions-maven-plugin/target/it/it-display-plugin-updates-013-issue-354/pom.xml (parent: InputLocation:37 : 22, blah:blah:1.0 /home/ajarmoniuk/dev/versions-maven-plugin/target/it/it-display-plugin-updates-013-issue-354/pom.xml)
[DEBUG] Processing InputLocation:14 : 20, blah:blah:1.0 /home/ajarmoniuk/dev/versions-maven-plugin/target/it/it-display-plugin-updates-013-issue-354/pom.xml (parent: InputLocation:38 : 25, blah:blah:1.0 /home/ajarmoniuk/dev/versions-maven-plugin/target/it/it-display-plugin-updates-013-issue-354/pom.xml)
[WARNING] Already processed!
[DEBUG] Processing InputLocation:36 : 19, blah:blah:1.0 /home/ajarmoniuk/dev/versions-maven-plugin/target/it/it-display-plugin-updates-013-issue-354/pom.xml (parent: InputLocation:14 : 20, blah:blah:1.0 /home/ajarmoniuk/dev/versions-maven-plugin/target/it/it-display-plugin-updates-013-issue-354/pom.xml)
[DEBUG] Processing InputSource:blah:blah:1.0 /home/ajarmoniuk/dev/versions-maven-plugin/target/it/it-display-plugin-updates-013-issue-354/pom.xml (parent: InputLocation:36 : 19, blah:blah:1.0 /home/ajarmoniuk/dev/versions-maven-plugin/target/it/it-display-plugin-updates-013-issue-354/pom.xml)
[WARNING] Already processed!
[DEBUG] Processing InputSource:blah:blah:1.0 /home/ajarmoniuk/dev/versions-maven-plugin/target/it/it-display-plugin-updates-013-issue-354/pom.xml (parent: InputLocation:36 : 19, blah:blah:1.0 /home/ajarmoniuk/dev/versions-maven-plugin/target/it/it-display-plugin-updates-013-issue-354/pom.xml)
[WARNING] Already processed!
[DEBUG] Processing InputSource:blah:blah:1.0 /home/ajarmoniuk/dev/versions-maven-plugin/target/it/it-display-plugin-updates-013-issue-354/pom.xml (parent: InputLocation:36 : 19, blah:blah:1.0 /home/ajarmoniuk/dev/versions-maven-plugin/target/it/it-display-plugin-updates-013-issue-354/pom.xml)
[WARNING] Already processed!
[DEBUG] Processing InputSource:blah:blah:1.0 /home/ajarmoniuk/dev/versions-maven-plugin/target/it/it-display-plugin-updates-013-issue-354/pom.xml (parent: InputLocation:36 : 19, blah:blah:1.0 /home/ajarmoniuk/dev/versions-maven-plugin/target/it/it-display-plugin-updates-013-issue-354/pom.xml)
[WARNING] Already processed!
[DEBUG] Processing InputSource:blah:blah:1.0 /home/ajarmoniuk/dev/versions-maven-plugin/target/it/it-display-plugin-updates-013-issue-354/pom.xml (parent: InputLocation:36 : 19, blah:blah:1.0 /home/ajarmoniuk/dev/versions-maven-plugin/target/it/it-display-plugin-updates-013-issue-354/pom.xml)
[WARNING] Already processed!
[DEBUG] Processing InputLocation:-1 : -1, org.apache.maven:maven-core:3.6.3:default-lifecycle-bindings null (parent: InputLocation:36 : 19, blah:blah:1.0 /home/ajarmoniuk/dev/versions-maven-plugin/target/it/it-display-plugin-updates-013-issue-354/pom.xml)
[DEBUG] Processing InputLocation:-1 : -1, org.apache.maven:maven-core:3.6.3:default-lifecycle-bindings null (parent: InputLocation:-1 : -1, org.apache.maven:maven-core:3.6.3:default-lifecycle-bindings null)
[WARNING] Already processed!
[DEBUG] Processing InputLocation:-1 : -1, org.apache.maven:maven-core:3.6.3:default-lifecycle-bindings null (parent: InputLocation:-1 : -1, org.apache.maven:maven-core:3.6.3:default-lifecycle-bindings null)
[WARNING] Already processed!
[DEBUG] Processing InputLocation:-1 : -1, org.apache.maven:maven-core:3.6.3:default-lifecycle-bindings null (parent: InputLocation:-1 : -1, org.apache.maven:maven-core:3.6.3:default-lifecycle-bindings null)
[WARNING] Already processed!
[DEBUG] Processing InputLocation:-1 : -1, org.apache.maven:maven-core:3.6.3:default-lifecycle-bindings null (parent: InputLocation:-1 : -1, org.apache.maven:maven-core:3.6.3:default-lifecycle-bindings null)
[DEBUG] Processing InputLocation:-1 : -1, org.apache.maven:maven-core:3.6.3:default-lifecycle-bindings null (parent: InputLocation:-1 : -1, org.apache.maven:maven-core:3.6.3:default-lifecycle-bindings null)
[WARNING] Already processed!
[DEBUG] Processing InputLocation:-1 : -1, org.apache.maven:maven-core:3.6.3:default-lifecycle-bindings null (parent: InputLocation:-1 : -1, org.apache.maven:maven-core:3.6.3:default-lifecycle-bindings null)
[WARNING] Already processed!
[DEBUG] Processing InputLocation:-1 : -1, org.apache.maven:maven-core:3.6.3:default-lifecycle-bindings null (parent: InputLocation:-1 : -1, org.apache.maven:maven-core:3.6.3:default-lifecycle-bindings null)
[WARNING] Already processed!
[DEBUG] Processing InputSource:blah:blah:1.0 /home/ajarmoniuk/dev/versions-maven-plugin/target/it/it-display-plugin-updates-013-issue-354/pom.xml (parent: InputLocation:-1 : -1, org.apache.maven:maven-core:3.6.3:default-lifecycle-bindings null)
[WARNING] Already processed!
[DEBUG] Processing InputSource:blah:blah:1.0 /home/ajarmoniuk/dev/versions-maven-plugin/target/it/it-display-plugin-updates-013-issue-354/pom.xml (parent: InputLocation:-1 : -1, org.apache.maven:maven-core:3.6.3:default-lifecycle-bindings null)
[WARNING] Already processed!
[DEBUG] Processing InputSource:blah:blah:1.0 /home/ajarmoniuk/dev/versions-maven-plugin/target/it/it-display-plugin-updates-013-issue-354/pom.xml (parent: InputLocation:-1 : -1, org.apache.maven:maven-core:3.6.3:default-lifecycle-bindings null)
[WARNING] Already processed!
[DEBUG] Processing InputSource:blah:blah:1.0 /home/ajarmoniuk/dev/versions-maven-plugin/target/it/it-display-plugin-updates-013-issue-354/pom.xml (parent: InputLocation:-1 : -1, org.apache.maven:maven-core:3.6.3:default-lifecycle-bindings null)
[WARNING] Already processed!
[DEBUG] Processing InputSource:org.apache.maven:maven-core:3.6.3:default-lifecycle-bindings null (parent: InputLocation:-1 : -1, org.apache.maven:maven-core:3.6.3:default-lifecycle-bindings null)
[DEBUG] Processing InputLocation:-1 : -1, org.apache.maven:maven-core:3.6.3:default-lifecycle-bindings null (parent: InputLocation:-1 : -1, org.apache.maven:maven-core:3.6.3:default-lifecycle-bindings null)
[WARNING] Already processed!
[DEBUG] Processing InputSource:org.apache.maven:maven-core:3.6.3:default-lifecycle-bindings null (parent: InputLocation:-1 : -1, org.apache.maven:maven-core:3.6.3:default-lifecycle-bindings null)
[WARNING] Already processed!
[DEBUG] Processing InputLocation:-1 : -1, org.apache.maven:maven-core:3.6.3:default-lifecycle-bindings null (parent: InputLocation:-1 : -1, org.apache.maven:maven-core:3.6.3:default-lifecycle-bindings null)
[WARNING] Already processed!
[DEBUG] Processing InputSource:org.apache.maven:maven-core:3.6.3:default-lifecycle-bindings null (parent: InputLocation:-1 : -1, org.apache.maven:maven-core:3.6.3:default-lifecycle-bindings null)
[WARNING] Already processed!
[DEBUG] Processing InputLocation:-1 : -1, org.apache.maven:maven-core:3.6.3:default-lifecycle-bindings null (parent: InputLocation:-1 : -1, org.apache.maven:maven-core:3.6.3:default-lifecycle-bindings null)
[WARNING] Already processed!
[DEBUG] Processing InputSource:org.apache.maven:maven-core:3.6.3:default-lifecycle-bindings null (parent: InputLocation:-1 : -1, org.apache.maven:maven-core:3.6.3:default-lifecycle-bindings null)
[WARNING] Already processed!
[DEBUG] Processing InputLocation:-1 : -1, org.apache.maven:maven-core:3.6.3:default-lifecycle-bindings null (parent: InputLocation:-1 : -1, org.apache.maven:maven-core:3.6.3:default-lifecycle-bindings null)
[WARNING] Already processed!
[DEBUG] Processing InputSource:org.apache.maven:maven-core:3.6.3:default-lifecycle-bindings null (parent: InputLocation:-1 : -1, org.apache.maven:maven-core:3.6.3:default-lifecycle-bindings null)
[DEBUG] Processing InputLocation:-1 : -1, org.apache.maven:maven-core:3.6.3:default-lifecycle-bindings null (parent: InputLocation:-1 : -1, org.apache.maven:maven-core:3.6.3:default-lifecycle-bindings null)
[WARNING] Already processed!
[DEBUG] Processing InputSource:org.apache.maven:maven-core:3.6.3:default-lifecycle-bindings null (parent: InputLocation:-1 : -1, org.apache.maven:maven-core:3.6.3:default-lifecycle-bindings null)
[WARNING] Already processed!
[DEBUG] Processing InputLocation:-1 : -1, org.apache.maven:maven-core:3.6.3:default-lifecycle-bindings null (parent: InputLocation:-1 : -1, org.apache.maven:maven-core:3.6.3:default-lifecycle-bindings null)
[WARNING] Already processed!
[DEBUG] Processing InputSource:org.apache.maven:maven-core:3.6.3:default-lifecycle-bindings null (parent: InputLocation:-1 : -1, org.apache.maven:maven-core:3.6.3:default-lifecycle-bindings null)
[WARNING] Already processed!
[DEBUG] Processing InputLocation:-1 : -1, org.apache.maven:maven-core:3.6.3:default-lifecycle-bindings null (parent: InputLocation:-1 : -1, org.apache.maven:maven-core:3.6.3:default-lifecycle-bindings null)
[WARNING] Already processed!
[DEBUG] Processing InputSource:org.apache.maven:maven-core:3.6.3:default-lifecycle-bindings null (parent: InputLocation:-1 : -1, org.apache.maven:maven-core:3.6.3:default-lifecycle-bindings null)
[WARNING] Already processed!
[DEBUG] Processing InputLocation:-1 : -1, org.apache.maven:maven-core:3.6.3:default-lifecycle-bindings null (parent: InputLocation:-1 : -1, org.apache.maven:maven-core:3.6.3:default-lifecycle-bindings null)
[WARNING] Already processed!
[DEBUG] Processing InputSource:org.apache.maven:maven-core:3.6.3:default-lifecycle-bindings null (parent: InputLocation:-1 : -1, org.apache.maven:maven-core:3.6.3:default-lifecycle-bindings null)
[WARNING] Already processed!
[DEBUG] Processing InputLocation:-1 : -1, org.apache.maven:maven-core:3.6.3:default-lifecycle-bindings null (parent: InputLocation:-1 : -1, org.apache.maven:maven-core:3.6.3:default-lifecycle-bindings null)
[WARNING] Already processed!
[DEBUG] Processing InputSource:org.apache.maven:maven-core:3.6.3:default-lifecycle-bindings null (parent: InputLocation:-1 : -1, org.apache.maven:maven-core:3.6.3:default-lifecycle-bindings null)
[WARNING] Already processed!
[DEBUG] Processing InputLocation:-1 : -1, org.apache.maven:maven-core:3.6.3:default-lifecycle-bindings null (parent: InputLocation:-1 : -1, org.apache.maven:maven-core:3.6.3:default-lifecycle-bindings null)
[WARNING] Already processed!
[DEBUG] Processing InputSource:org.apache.maven:maven-core:3.6.3:default-lifecycle-bindings null (parent: InputLocation:-1 : -1, org.apache.maven:maven-core:3.6.3:default-lifecycle-bindings null)
[WARNING] Already processed!
[DEBUG] Processing InputLocation:-1 : -1, org.apache.maven:maven-core:3.6.3:default-lifecycle-bindings null (parent: InputLocation:-1 : -1, org.apache.maven:maven-core:3.6.3:default-lifecycle-bindings null)
[WARNING] Already processed!
[DEBUG] Processing InputSource:org.apache.maven:maven-core:3.6.3:default-lifecycle-bindings null (parent: InputLocation:-1 : -1, org.apache.maven:maven-core:3.6.3:default-lifecycle-bindings null)
[WARNING] Already processed!
[DEBUG] Processing InputLocation:-1 : -1, org.apache.maven:maven-core:3.6.3:default-lifecycle-bindings null (parent: InputLocation:-1 : -1, org.apache.maven:maven-core:3.6.3:default-lifecycle-bindings null)
[WARNING] Already processed!
[DEBUG] Processing InputSource:org.apache.maven:maven-core:3.6.3:default-lifecycle-bindings null (parent: InputLocation:-1 : -1, org.apache.maven:maven-core:3.6.3:default-lifecycle-bindings null)
[WARNING] Already processed!
[DEBUG] Processing InputLocation:-1 : -1, org.apache.maven:maven-core:3.6.3:default-lifecycle-bindings null (parent: InputLocation:-1 : -1, org.apache.maven:maven-core:3.6.3:default-lifecycle-bindings null)
[WARNING] Already processed!
[DEBUG] Processing InputSource:org.apache.maven:maven-core:3.6.3:default-lifecycle-bindings null (parent: InputLocation:-1 : -1, org.apache.maven:maven-core:3.6.3:default-lifecycle-bindings null)
[WARNING] Already processed!
[DEBUG] Processing InputLocation:-1 : -1, org.apache.maven:maven-core:3.6.3:default-lifecycle-bindings null (parent: InputLocation:-1 : -1, org.apache.maven:maven-core:3.6.3:default-lifecycle-bindings null)
[WARNING] Already processed!
[DEBUG] Processing InputSource:org.apache.maven:maven-core:3.6.3:default-lifecycle-bindings null (parent: InputLocation:-1 : -1, org.apache.maven:maven-core:3.6.3:default-lifecycle-bindings null)
[WARNING] Already processed!
[DEBUG] Processing InputLocation:-1 : -1, org.apache.maven:maven-core:3.6.3:default-lifecycle-bindings null (parent: InputLocation:-1 : -1, org.apache.maven:maven-core:3.6.3:default-lifecycle-bindings null)
[WARNING] Already processed!
[DEBUG] Processing InputSource:org.apache.maven:maven-core:3.6.3:default-lifecycle-bindings null (parent: InputLocation:-1 : -1, org.apache.maven:maven-core:3.6.3:default-lifecycle-bindings null)
[WARNING] Already processed!
[DEBUG] Processing InputLocation:-1 : -1, org.apache.maven:maven-core:3.6.3:default-lifecycle-bindings null (parent: InputLocation:-1 : -1, org.apache.maven:maven-core:3.6.3:default-lifecycle-bindings null)
[WARNING] Already processed!
...